d:\univer\fund_labs\fund_labs\lab3\task9\x64\debug\vc143.pdb
d:\univer\fund_labs\fund_labs\lab3\task9\x64\debug\vc143.idb
d:\univer\fund_labs\fund_labs\lab3\task9\x64\debug\bin_tree.nativecodeanalysis.sarif
d:\univer\fund_labs\fund_labs\lab3\task9\x64\debug\bin_tree.nativecodeanalysis.xml
d:\univer\fund_labs\fund_labs\lab3\task9\x64\debug\myerrors.nativecodeanalysis.sarif
d:\univer\fund_labs\fund_labs\lab3\task9\x64\debug\myerrors.nativecodeanalysis.xml
d:\univer\fund_labs\fund_labs\lab3\task9\x64\debug\task9.nativecodeanalysis.sarif
d:\univer\fund_labs\fund_labs\lab3\task9\x64\debug\task9.nativecodeanalysis.xml
d:\univer\fund_labs\fund_labs\lab3\task9\x64\debug\tree_funcs.nativecodeanalysis.sarif
d:\univer\fund_labs\fund_labs\lab3\task9\x64\debug\tree_funcs.nativecodeanalysis.xml
d:\univer\fund_labs\fund_labs\lab3\task9\x64\debug\vector.nativecodeanalysis.sarif
d:\univer\fund_labs\fund_labs\lab3\task9\x64\debug\vector.nativecodeanalysis.xml
d:\univer\fund_labs\fund_labs\lab3\task9\x64\debug\vector.obj
d:\univer\fund_labs\fund_labs\lab3\task9\x64\debug\tree_funcs.obj
d:\univer\fund_labs\fund_labs\lab3\task9\x64\debug\task9.obj
d:\univer\fund_labs\fund_labs\lab3\task9\x64\debug\myerrors.obj
d:\univer\fund_labs\fund_labs\lab3\task9\x64\debug\bin_tree.obj
d:\univer\fund_labs\fund_labs\lab3\x64\debug\task9.exe
d:\univer\fund_labs\fund_labs\lab3\x64\debug\task9.pdb
d:\univer\fund_labs\fund_labs\lab3\task9\x64\debug\task9.ilk
d:\univer\fund_labs\fund_labs\lab3\task9\x64\debug\vc.nativecodeanalysis.all.xml
d:\univer\fund_labs\fund_labs\lab3\task9\x64\debug\task9.tlog\cl.command.1.tlog
d:\univer\fund_labs\fund_labs\lab3\task9\x64\debug\task9.tlog\cl.items.tlog
d:\univer\fund_labs\fund_labs\lab3\task9\x64\debug\task9.tlog\cl.read.1.tlog
d:\univer\fund_labs\fund_labs\lab3\task9\x64\debug\task9.tlog\cl.write.1.tlog
d:\univer\fund_labs\fund_labs\lab3\task9\x64\debug\task9.tlog\link.command.1.tlog
d:\univer\fund_labs\fund_labs\lab3\task9\x64\debug\task9.tlog\link.read.1.tlog
d:\univer\fund_labs\fund_labs\lab3\task9\x64\debug\task9.tlog\link.secondary.1.tlog
d:\univer\fund_labs\fund_labs\lab3\task9\x64\debug\task9.tlog\link.write.1.tlog
