d:\univer\fund_labs\fund_labs\lab3\task3\x64\debug\vc143.pdb
d:\univer\fund_labs\fund_labs\lab3\task3\x64\debug\vc143.idb
d:\univer\fund_labs\fund_labs\lab3\task3\x64\debug\myerrors.nativecodeanalysis.sarif
d:\univer\fund_labs\fund_labs\lab3\task3\x64\debug\myerrors.nativecodeanalysis.xml
d:\univer\fund_labs\fund_labs\lab3\task3\x64\debug\task3.nativecodeanalysis.sarif
d:\univer\fund_labs\fund_labs\lab3\task3\x64\debug\task3.nativecodeanalysis.xml
d:\univer\fund_labs\fund_labs\lab3\task3\x64\debug\task3.obj
d:\univer\fund_labs\fund_labs\lab3\task3\x64\debug\myerrors.obj
d:\univer\fund_labs\fund_labs\lab3\x64\debug\task3.exe
d:\univer\fund_labs\fund_labs\lab3\x64\debug\task3.pdb
d:\univer\fund_labs\fund_labs\lab3\task3\x64\debug\task3.ilk
d:\univer\fund_labs\fund_labs\lab3\task3\x64\debug\vc.nativecodeanalysis.all.xml
d:\univer\fund_labs\fund_labs\lab3\task3\x64\debug\task3.tlog\cl.command.1.tlog
d:\univer\fund_labs\fund_labs\lab3\task3\x64\debug\task3.tlog\cl.items.tlog
d:\univer\fund_labs\fund_labs\lab3\task3\x64\debug\task3.tlog\cl.read.1.tlog
d:\univer\fund_labs\fund_labs\lab3\task3\x64\debug\task3.tlog\cl.write.1.tlog
d:\univer\fund_labs\fund_labs\lab3\task3\x64\debug\task3.tlog\link.command.1.tlog
d:\univer\fund_labs\fund_labs\lab3\task3\x64\debug\task3.tlog\link.read.1.tlog
d:\univer\fund_labs\fund_labs\lab3\task3\x64\debug\task3.tlog\link.secondary.1.tlog
d:\univer\fund_labs\fund_labs\lab3\task3\x64\debug\task3.tlog\link.write.1.tlog
